SF:lib/src/common/paystack.dart
DA:21,1
DA:31,1
DA:32,1
DA:33,1
DA:34,0
DA:37,1
DA:42,1
DA:43,0
DA:50,1
DA:54,2
DA:56,2
DA:57,2
DA:58,1
DA:59,1
DA:60,1
DA:61,1
DA:64,1
DA:65,0
DA:71,1
DA:73,0
DA:75,0
DA:79,0
DA:81,0
DA:84,0
DA:98,0
DA:103,0
DA:105,0
DA:107,0
DA:137,0
DA:144,0
DA:146,0
DA:150,0
DA:151,0
DA:164,0
DA:166,0
DA:174,0
DA:175,0
DA:176,0
DA:177,0
DA:180,0
DA:186,0
DA:188,0
DA:191,0
DA:192,0
DA:196,0
DA:203,0
DA:204,0
DA:206,0
DA:207,0
DA:208,0
DA:211,0
DA:212,0
DA:213,0
DA:214,0
DA:219,0
DA:221,0
DA:224,0
DA:230,0
DA:238,4
LF:59
LH:17
end_of_record
SF:lib/src/model/card.dart
DA:59,0
DA:61,0
DA:63,0
DA:65,0
DA:67,0
DA:68,0
DA:69,0
DA:70,0
DA:75,0
DA:80,0
DA:82,0
DA:83,0
DA:84,0
DA:85,0
DA:93,0
DA:94,0
DA:95,0
DA:96,0
DA:97,0
DA:98,0
DA:101,0
DA:105,0
DA:106,0
DA:109,0
DA:111,0
DA:112,0
DA:115,0
DA:128,0
DA:129,0
DA:130,0
DA:131,0
DA:132,0
DA:133,0
DA:134,0
DA:135,0
DA:136,0
DA:138,0
DA:139,0
DA:142,0
DA:143,0
DA:144,0
DA:145,0
DA:146,0
DA:151,0
DA:152,0
DA:153,0
DA:154,0
DA:155,0
DA:156,0
DA:157,0
DA:158,0
DA:163,0
DA:165,0
DA:167,0
DA:169,0
DA:171,0
DA:172,0
DA:173,0
DA:174,0
DA:179,0
DA:181,0
DA:183,0
DA:187,0
DA:190,0
DA:195,0
DA:196,0
DA:197,0
DA:200,0
DA:201,0
DA:202,0
DA:203,0
DA:205,0
DA:212,0
DA:214,0
DA:215,0
DA:217,0
DA:220,0
DA:223,0
DA:226,0
DA:227,0
DA:229,0
DA:232,0
DA:235,0
DA:237,0
DA:238,0
DA:239,0
DA:261,0
DA:262,0
DA:264,0
DA:265,0
DA:267,0
DA:268,0
DA:270,0
DA:276,0
DA:277,0
DA:279,0
DA:280,0
DA:282,0
DA:283,0
DA:284,0
DA:295,0
DA:297,0
DA:300,0
DA:302,0
DA:305,0
DA:312,0
DA:314,0
DA:317,0
DA:319,0
DA:322,0
DA:329,0
DA:331,0
DA:334,0
DA:336,0
DA:339,0
DA:346,0
DA:348,0
DA:351,0
DA:353,0
DA:356,0
DA:363,0
DA:365,0
DA:368,0
DA:370,0
DA:373,0
DA:380,0
DA:382,0
DA:385,0
DA:387,0
DA:390,0
DA:397,0
DA:399,0
DA:402,0
DA:404,0
DA:407,0
LF:135
LH:0
end_of_record
SF:lib/src/model/charge.dart
DA:29,0
DA:30,0
DA:31,0
DA:32,0
DA:37,0
DA:38,0
DA:41,0
DA:42,0
DA:43,0
DA:44,0
DA:48,0
DA:49,0
DA:52,0
DA:53,0
DA:54,0
DA:55,0
DA:56,0
DA:57,0
DA:58,0
DA:59,0
DA:62,0
DA:63,0
DA:64,0
DA:67,0
DA:69,0
DA:71,0
DA:72,0
DA:73,0
DA:76,0
DA:78,0
DA:79,0
DA:80,0
DA:83,0
DA:86,0
DA:87,0
DA:88,0
DA:91,0
DA:93,0
DA:94,0
DA:95,0
DA:98,0
DA:100,0
DA:101,0
DA:102,0
DA:105,0
DA:108,0
DA:109,0
DA:110,0
DA:113,0
DA:115,0
DA:116,0
DA:117,0
DA:120,0
DA:122,0
DA:125,0
DA:127,0
DA:130,0
DA:131,0
DA:132,0
DA:133,0
DA:136,0
DA:137,0
DA:138,0
DA:142,0
DA:144,0
DA:145,0
DA:148,0
DA:149,0
DA:153,0
DA:156,0
DA:159,0
DA:162,0
DA:163,0
DA:165,0
DA:168,0
DA:171,0
DA:174,0
DA:175,0
DA:177,0
DA:181,1
DA:182,1
DA:183,1
LF:82
LH:3
end_of_record
SF:lib/src/common/transaction.dart
DA:8,0
DA:9,0
DA:10,0
DA:11,0
DA:12,0
DA:16,0
DA:18,0
DA:20,0
DA:22,0
DA:23,0
LF:10
LH:0
end_of_record
SF:lib/src/common/exceptions.dart
DA:6,0
DA:8,0
DA:10,0
DA:11,0
DA:16,0
DA:20,0
DA:24,0
DA:28,0
DA:34,0
DA:35,0
DA:42,0
DA:46,0
DA:50,0
DA:51,0
LF:14
LH:0
end_of_record
SF:lib/src/model/checkout_response.dart
DA:34,0
DA:35,0
DA:36,0
DA:37,0
DA:38,0
DA:39,0
DA:40,0
DA:41,0
DA:44,0
DA:52,0
DA:54,0
DA:56,0
LF:12
LH:0
end_of_record
SF:lib/src/api/model/transaction_api_response.dart
DA:10,0
DA:11,0
DA:12,0
DA:15,0
DA:16,0
DA:17,0
DA:18,0
DA:19,0
DA:20,0
DA:22,0
DA:23,0
DA:24,0
DA:25,0
DA:26,0
DA:27,0
DA:29,0
DA:30,0
DA:33,0
DA:34,0
DA:38,0
DA:39,0
DA:40,0
DA:41,0
DA:42,0
DA:45,0
DA:46,0
DA:49,0
DA:50,0
DA:54,0
DA:57,0
DA:58,0
DA:61,0
DA:62,0
DA:65,0
DA:67,0
DA:68,0
DA:69,0
LF:37
LH:0
end_of_record
SF:lib/src/api/request/bank_charge_request_body.dart
DA:12,0
DA:13,0
DA:14,0
DA:16,0
DA:18,0
DA:20,0
DA:21,0
DA:22,0
DA:27,0
DA:29,0
DA:31,0
DA:33,0
LF:12
LH:0
end_of_record
SF:lib/src/api/request/base_request_body.dart
DA:7,0
DA:8,0
DA:13,0
DA:15,0
DA:16,0
DA:17,0
LF:6
LH:0
end_of_record
SF:lib/src/widgets/checkout/bank_checkout.dart
DA:21,0
DA:27,0
DA:28,0
DA:41,0
DA:42,0
DA:44,0
DA:46,0
DA:47,0
DA:49,0
DA:50,0
DA:51,0
DA:55,0
DA:56,0
DA:59,0
DA:61,0
DA:62,0
DA:65,0
DA:67,0
DA:69,0
DA:70,0
DA:71,0
DA:73,0
DA:74,0
DA:75,0
DA:76,0
DA:80,0
DA:86,0
DA:87,0
DA:88,0
DA:89,0
DA:92,0
DA:101,0
DA:102,0
DA:103,0
DA:104,0
DA:105,0
DA:106,0
DA:107,0
DA:109,0
DA:110,0
DA:113,0
DA:114,0
DA:120,0
DA:121,0
DA:125,0
DA:126,0
DA:134,0
DA:137,0
DA:138,0
DA:139,0
DA:140,0
DA:145,0
DA:146,0
DA:147,0
DA:150,0
DA:151,0
DA:152,0
DA:154,0
DA:155,0
DA:156,0
DA:157,0
DA:160,0
DA:161,0
DA:163,0
DA:165,0
DA:168,0
DA:169,0
DA:170,0
DA:172,0
DA:174,0
DA:175,0
DA:178,0
DA:179,0
DA:180,0
DA:181,0
DA:184,0
DA:185,0
DA:186,0
DA:197,0
DA:198,0
DA:199,0
DA:200,0
DA:201,0
DA:202,0
DA:203,0
DA:204,0
DA:205,0
DA:207,0
DA:208,0
DA:213,0
DA:214,0
DA:218,0
DA:219,0
DA:223,0
DA:224,0
DA:227,0
DA:228,0
DA:229,0
DA:231,0
DA:232,0
DA:236,0
DA:237,0
DA:240,0
DA:241,0
DA:242,0
DA:244,0
DA:245,0
DA:250,0
DA:251,0
DA:252,0
DA:256,0
DA:259,0
DA:261,0
DA:262,0
DA:263,0
DA:265,0
DA:266,0
DA:272,0
DA:273,0
DA:283,0
DA:285,0
DA:287,0
DA:295,0
DA:297,0
DA:298,0
DA:302,0
DA:308,0
DA:310,0
LF:128
LH:0
end_of_record
SF:lib/src/common/platform_info.dart
DA:7,2
DA:8,1
DA:10,1
DA:11,1
DA:14,1
DA:16,1
DA:18,1
DA:20,1
DA:22,0
DA:23,0
DA:27,0
DA:28,0
DA:32,0
DA:33,0
DA:37,0
DA:38,0
DA:39,0
DA:43,0
DA:45,0
LF:19
LH:8
end_of_record
SF:lib/src/api/request/card_request_body.dart
DA:41,0
DA:43,0
DA:44,0
DA:45,0
DA:46,0
DA:47,0
DA:48,0
DA:50,0
DA:51,0
DA:53,0
DA:54,0
DA:55,0
DA:56,0
DA:57,0
DA:58,0
DA:60,0
DA:61,0
DA:62,0
DA:65,0
DA:66,0
DA:69,0
DA:72,0
DA:75,0
DA:82,0
DA:85,0
DA:86,0
DA:87,0
DA:88,0
DA:89,0
DA:90,0
DA:92,0
DA:93,0
DA:95,0
DA:96,0
DA:98,0
DA:99,0
DA:101,0
DA:102,0
DA:104,0
DA:105,0
DA:107,0
DA:108,0
DA:110,0
DA:111,0
DA:113,0
DA:114,0
DA:116,0
DA:117,0
DA:119,0
DA:120,0
DA:122,0
DA:123,0
LF:52
LH:0
end_of_record
SF:lib/src/common/card_utils.dart
DA:8,0
DA:13,0
DA:14,0
DA:22,0
DA:23,0
DA:28,0
DA:29,0
DA:32,0
DA:33,0
DA:36,0
DA:37,0
DA:38,0
DA:41,0
DA:44,0
DA:45,0
DA:49,0
DA:53,0
DA:54,0
DA:55,0
DA:56,0
DA:57,0
DA:58,0
DA:63,0
DA:67,0
DA:68,0
DA:73,0
DA:75,0
DA:78,0
DA:80,0
DA:83,0
DA:84,0
DA:85,0
DA:86,0
DA:89,0
DA:92,0
DA:93,0
DA:96,0
DA:97,0
DA:98,0
DA:99,0
DA:100,0
DA:101,0
DA:103,0
DA:108,0
DA:113,0
DA:114,0
DA:115,0
LF:47
LH:0
end_of_record
SF:lib/src/common/crypto.dart
DA:6,0
DA:7,0
DA:10,0
DA:11,0
DA:12,0
DA:13,0
DA:14,0
DA:17,0
DA:20,0
DA:22,0
LF:10
LH:0
end_of_record
SF:lib/src/api/request/validate_request_body.dart
DA:9,0
DA:11,0
DA:12,0
DA:13,0
LF:4
LH:0
end_of_record
SF:lib/src/api/service/bank_service.dart
DA:13,0
DA:15,0
DA:17,0
DA:18,0
DA:19,0
DA:20,0
DA:21,0
DA:27,0
DA:30,0
DA:31,0
DA:34,0
DA:37,0
DA:38,0
DA:41,0
DA:44,0
DA:45,0
DA:48,0
DA:49,0
DA:51,0
DA:53,0
DA:55,0
DA:56,0
DA:58,0
LF:23
LH:0
end_of_record
SF:lib/src/api/service/card_service.dart
DA:12,0
DA:13,0
DA:16,0
DA:17,0
DA:19,0
DA:22,0
DA:23,0
DA:24,0
DA:26,0
DA:27,0
DA:30,0
DA:35,0
DA:37,0
DA:40,0
DA:41,0
DA:43,0
DA:44,0
DA:45,0
DA:46,0
DA:48,0
DA:53,0
DA:54,0
DA:56,0
DA:57,0
DA:58,0
DA:59,0
DA:60,0
DA:61,0
DA:63,0
LF:29
LH:0
end_of_record
SF:lib/src/common/string_utils.dart
DA:2,0
DA:3,0
DA:6,0
DA:7,0
DA:8,0
DA:9,0
DA:10,0
DA:11,0
DA:12,0
DA:14,0
DA:15,0
DA:21,0
DA:22,0
LF:13
LH:0
end_of_record
SF:lib/src/common/utils.dart
DA:15,3
DA:17,4
DA:21,2
DA:22,2
DA:23,0
DA:24,0
DA:25,0
DA:26,0
DA:33,0
DA:34,0
DA:35,0
DA:41,0
DA:42,0
DA:43,0
DA:44,0
DA:49,0
DA:56,0
DA:58,0
DA:60,0
DA:62,0
DA:65,0
DA:66,0
DA:69,0
DA:70,0
DA:71,0
DA:75,0
DA:77,0
DA:78,0
DA:80,0
DA:81,0
LF:30
LH:4
end_of_record
SF:lib/src/transaction/card_transaction_manager.dart
DA:21,0
DA:27,0
DA:35,0
DA:36,0
DA:37,0
DA:38,0
DA:41,0
DA:43,0
DA:44,0
DA:46,0
DA:47,0
DA:50,0
DA:51,0
DA:53,0
DA:57,0
DA:59,0
DA:61,0
DA:65,0
DA:67,0
DA:69,0
DA:73,0
DA:74,0
DA:75,0
DA:76,0
DA:79,0
DA:81,0
DA:82,0
DA:85,0
DA:88,0
DA:89,0
DA:92,0
DA:94,0
DA:95,0
DA:96,0
DA:97,0
DA:101,0
DA:102,0
DA:106,0
DA:107,0
DA:108,0
DA:109,0
DA:113,0
DA:114,0
DA:115,0
DA:116,0
DA:117,0
DA:122,0
DA:123,0
DA:124,0
DA:125,0
DA:126,0
DA:130,0
DA:131,0
DA:132,0
DA:133,0
DA:134,0
DA:135,0
DA:136,0
DA:141,0
DA:142,0
DA:143,0
DA:144,0
DA:145,0
DA:146,0
DA:150,0
DA:151,0
DA:152,0
DA:156,0
DA:160,0
DA:163,0
DA:165,0
DA:168,0
DA:170,0
DA:171,0
DA:175,0
DA:176,0
DA:177,0
LF:77
LH:0
end_of_record
SF:lib/src/widgets/checkout/checkout_widget.dart
DA:23,0
DA:30,0
DA:31,0
DA:48,0
DA:50,0
DA:52,0
DA:53,0
DA:54,0
DA:55,0
DA:56,0
DA:57,0
DA:59,0
DA:60,0
DA:61,0
DA:62,0
DA:66,0
DA:67,0
DA:71,0
DA:73,0
DA:74,0
DA:75,0
DA:78,0
DA:80,0
DA:83,0
DA:84,0
DA:87,0
DA:88,0
DA:89,0
DA:90,0
DA:91,0
DA:93,0
DA:98,0
DA:99,0
DA:102,0
DA:103,0
DA:104,0
DA:105,0
DA:106,0
DA:112,0
DA:121,0
DA:123,0
DA:124,0
DA:125,0
DA:126,0
DA:127,0
DA:128,0
DA:129,0
DA:132,0
DA:133,0
DA:134,0
DA:135,0
DA:136,0
DA:137,0
DA:138,0
DA:139,0
DA:148,0
DA:149,0
DA:150,0
DA:152,0
DA:153,0
DA:154,0
DA:155,0
DA:160,0
DA:161,0
DA:162,0
DA:163,0
DA:166,0
DA:172,0
DA:175,0
DA:176,0
DA:177,0
DA:179,0
DA:185,0
DA:186,0
DA:190,0
DA:191,0
DA:192,0
DA:194,0
DA:195,0
DA:200,0
DA:201,0
DA:202,0
DA:204,0
DA:208,0
DA:217,0
DA:218,0
DA:219,0
DA:220,0
DA:221,0
DA:225,0
DA:229,0
DA:231,0
DA:233,0
DA:234,0
DA:236,0
DA:239,0
DA:240,0
DA:241,0
DA:247,0
DA:248,0
DA:251,0
DA:260,0
DA:261,0
DA:262,0
DA:268,0
DA:269,0
DA:270,0
DA:273,0
DA:274,0
DA:275,0
DA:276,0
DA:277,0
DA:278,0
DA:279,0
DA:280,0
DA:281,0
DA:284,0
DA:287,0
DA:288,0
DA:289,0
DA:290,0
DA:295,0
DA:296,0
DA:297,0
DA:304,0
DA:305,0
DA:308,0
DA:309,0
DA:310,0
DA:311,0
DA:313,0
DA:317,0
DA:318,0
DA:319,0
DA:320,0
DA:321,0
DA:325,0
DA:326,0
DA:327,0
DA:328,0
DA:329,0
DA:333,0
DA:335,0
DA:336,0
DA:337,0
DA:340,0
DA:347,0
DA:348,0
DA:349,0
DA:350,0
DA:351,0
DA:354,0
DA:355,0
DA:356,0
DA:357,0
DA:359,0
DA:360,0
DA:361,0
DA:362,0
DA:363,0
DA:364,0
DA:365,0
DA:368,0
DA:369,0
DA:370,0
DA:371,0
DA:372,0
DA:373,0
DA:376,0
DA:377,0
DA:378,0
DA:379,0
DA:384,0
DA:385,0
DA:386,0
DA:387,0
DA:388,0
DA:390,0
DA:394,0
DA:396,0
DA:399,0
DA:400,0
DA:402,0
DA:403,0
DA:404,0
DA:406,0
DA:407,0
DA:412,0
DA:413,0
LF:189
LH:0
end_of_record
SF:lib/src/transaction/bank_transaction_manager.dart
DA:18,0
DA:24,0
DA:32,0
DA:33,0
DA:34,0
DA:37,0
DA:39,0
DA:40,0
DA:43,0
DA:45,0
DA:48,0
DA:49,0
DA:50,0
DA:51,0
DA:55,0
DA:56,0
DA:59,0
DA:61,0
DA:62,0
DA:65,0
DA:66,0
DA:67,0
DA:68,0
DA:71,0
DA:73,0
DA:75,0
DA:76,0
DA:77,0
DA:81,0
DA:82,0
DA:86,0
DA:87,0
DA:91,0
DA:92,0
DA:96,0
DA:97,0
DA:100,0
DA:102,0
DA:103,0
DA:106,0
DA:108,0
DA:109,0
LF:42
LH:0
end_of_record
SF:lib/src/transaction/base_transaction_manager.dart
DA:27,0
DA:33,0
DA:34,0
DA:35,0
DA:37,0
DA:38,0
DA:39,0
DA:41,0
DA:43,0
DA:45,0
DA:46,0
DA:49,0
DA:51,0
DA:53,0
DA:59,0
DA:61,0
DA:64,0
DA:66,0
DA:69,0
DA:71,0
DA:72,0
DA:73,0
DA:76,0
DA:77,0
DA:79,0
DA:82,0
DA:85,0
DA:86,0
DA:87,0
DA:91,0
DA:93,0
DA:95,0
DA:96,0
DA:98,0
DA:99,0
DA:101,0
DA:102,0
DA:104,0
DA:105,0
DA:109,0
DA:110,0
DA:111,0
DA:112,0
DA:114,0
DA:117,0
DA:118,0
DA:119,0
DA:121,0
DA:122,0
DA:124,0
DA:128,0
DA:130,0
DA:133,0
DA:134,0
DA:136,0
DA:138,0
DA:141,0
DA:142,0
DA:144,0
DA:145,0
DA:147,0
DA:148,0
DA:150,0
DA:154,0
DA:155,0
DA:157,0
DA:158,0
DA:160,0
DA:161,0
DA:162,0
DA:164,0
DA:165,0
DA:167,0
DA:171,0
DA:175,0
DA:179,0
LF:76
LH:0
end_of_record
SF:lib/src/widgets/birthday_widget.dart
DA:15,0
DA:17,0
DA:18,0
DA:25,0
DA:27,0
DA:28,0
DA:31,0
DA:33,0
DA:34,0
DA:35,0
DA:37,0
DA:38,0
DA:39,0
DA:41,0
DA:42,0
DA:43,0
DA:51,0
DA:52,0
DA:53,0
DA:54,0
DA:55,0
DA:56,0
DA:58,0
DA:61,0
DA:62,0
DA:63,0
DA:64,0
DA:68,0
DA:69,0
DA:71,0
DA:72,0
DA:73,0
DA:74,0
DA:76,0
DA:77,0
DA:78,0
DA:90,0
DA:91,0
DA:92,0
DA:95,0
DA:97,0
DA:98,0
DA:99,0
DA:100,0
DA:104,0
DA:109,0
DA:111,0
DA:112,0
DA:114,0
DA:119,0
DA:127,0
DA:128,0
DA:129,0
DA:130,0
DA:134,0
DA:137,0
DA:141,0
DA:143,0
DA:152,0
DA:165,0
DA:166,0
DA:169,0
DA:170,0
DA:173,0
DA:174,0
DA:177,0
DA:178,0
DA:179,0
LF:68
LH:0
end_of_record
SF:lib/src/widgets/card_widget.dart
DA:11,0
DA:13,0
DA:15,0
DA:20,0
DA:22,0
DA:23,0
DA:26,0
DA:28,0
DA:29,0
DA:30,0
DA:33,0
DA:34,0
DA:35,0
DA:40,0
DA:43,0
DA:45,0
DA:46,0
DA:48,0
DA:51,0
DA:53,0
DA:54,0
DA:66,0
DA:67,0
LF:23
LH:0
end_of_record
SF:lib/src/widgets/otp_widget.dart
DA:11,0
DA:13,0
DA:14,0
DA:23,0
DA:25,0
DA:26,0
DA:29,0
DA:31,0
DA:32,0
DA:33,0
DA:35,0
DA:36,0
DA:37,0
DA:38,0
DA:41,0
DA:42,0
DA:44,0
DA:45,0
DA:46,0
DA:54,0
DA:55,0
DA:56,0
DA:57,0
DA:59,0
DA:60,0
DA:61,0
DA:64,0
DA:65,0
DA:66,0
DA:79,0
DA:80,0
DA:81,0
DA:82,0
DA:83,0
DA:84,0
DA:86,0
DA:87,0
LF:37
LH:0
end_of_record
SF:lib/src/widgets/pin_widget.dart
DA:9,0
DA:10,0
DA:16,0
DA:18,0
DA:19,0
DA:22,0
DA:24,0
DA:25,0
DA:26,0
DA:28,0
DA:31,0
DA:32,0
DA:33,0
DA:44,0
DA:45,0
DA:46,0
DA:47,0
DA:48,0
DA:49,0
DA:61,0
DA:62,0
DA:68,0
DA:70,0
DA:71,0
DA:73,0
DA:76,0
DA:78,0
DA:79,0
DA:80,0
LF:29
LH:0
end_of_record
SF:lib/src/widgets/animated_widget.dart
DA:8,0
DA:10,0
DA:19,0
DA:21,0
DA:22,0
DA:23,0
DA:24,0
DA:25,0
DA:26,0
DA:27,0
DA:29,0
DA:41,0
DA:43,0
DA:44,0
DA:45,0
DA:49,0
DA:52,0
DA:54,0
DA:55,0
DA:58,0
DA:60,0
DA:61,0
DA:62,0
LF:23
LH:0
end_of_record
SF:lib/src/widgets/base_widget.dart
DA:13,0
DA:15,0
DA:16,0
DA:17,0
DA:23,0
DA:24,0
DA:28,0
DA:29,0
DA:31,0
DA:32,0
DA:36,0
DA:38,0
DA:39,0
DA:41,0
DA:42,0
DA:45,0
DA:46,0
DA:50,0
DA:53,0
DA:54,0
DA:60,0
DA:62,0
DA:63,0
DA:65,0
DA:66,0
DA:69,0
DA:71,0
DA:72,0
DA:78,0
DA:79,0
DA:80,0
DA:85,0
DA:90,0
DA:91,0
DA:93,0
DA:97,0
LF:36
LH:0
end_of_record
SF:lib/src/widgets/buttons.dart
DA:8,0
DA:15,0
DA:21,0
DA:23,0
DA:37,0
DA:43,0
DA:45,0
DA:46,0
DA:47,0
DA:48,0
DA:52,0
DA:67,0
DA:78,0
DA:82,0
DA:83,0
DA:84,0
DA:86,0
DA:89,0
DA:93,0
DA:95,0
DA:97,0
DA:100,0
DA:101,0
DA:102,0
DA:103,0
DA:104,0
DA:105,0
DA:108,0
DA:109,0
DA:110,0
DA:111,0
DA:115,0
DA:116,0
DA:117,0
DA:119,0
DA:120,0
DA:121,0
DA:122,0
LF:38
LH:0
end_of_record
SF:lib/src/widgets/custom_dialog.dart
DA:9,0
DA:18,0
DA:19,0
DA:29,0
DA:31,0
DA:33,0
DA:34,0
DA:35,0
DA:36,0
DA:37,0
DA:38,0
DA:43,0
DA:44,0
DA:45,0
DA:46,0
DA:47,0
DA:48,0
DA:53,0
DA:56,0
DA:58,0
DA:59,0
DA:61,0
DA:62,0
DA:63,0
DA:68,0
DA:72,0
DA:74,0
DA:75,0
DA:77,0
DA:78,0
DA:79,0
DA:85,0
DA:86,0
DA:88,0
DA:96,0
DA:98,0
DA:100,0
DA:106,0
DA:107,0
DA:109,0
DA:113,0
DA:114,0
DA:116,0
DA:125,0
DA:127,0
DA:131,0
DA:140,0
DA:146,0
DA:153,0
DA:155,0
DA:156,0
DA:158,0
DA:159,0
DA:160,0
DA:166,0
DA:167,0
DA:168,0
DA:169,0
DA:170,1
DA:171,0
DA:173,0
DA:176,0
LF:62
LH:1
end_of_record
SF:lib/src/widgets/input/card_input.dart
DA:14,0
DA:16,0
DA:17,0
DA:27,0
DA:29,0
DA:31,0
DA:32,0
DA:33,0
DA:34,0
DA:35,0
DA:38,0
DA:40,0
DA:41,0
DA:42,0
DA:45,0
DA:47,0
DA:48,0
DA:49,0
DA:50,0
DA:51,0
DA:52,0
DA:53,0
DA:54,0
DA:55,0
DA:56,0
DA:57,0
DA:59,0
DA:62,0
DA:65,0
DA:66,0
DA:67,0
DA:68,0
DA:69,0
DA:70,0
DA:71,0
DA:72,0
DA:75,0
DA:76,0
DA:77,0
DA:78,0
DA:79,0
DA:80,0
DA:85,0
DA:88,0
DA:89,0
DA:90,0
DA:91,0
DA:96,0
DA:97,0
DA:98,0
DA:99,0
DA:100,0
DA:104,0
DA:105,0
DA:106,0
DA:107,0
DA:108,0
DA:109,0
DA:110,0
DA:111,0
DA:114,0
DA:118,0
DA:120,0
DA:123,0
DA:125,0
DA:126,0
DA:127,0
DA:130,0
DA:133,0
DA:136,0
DA:139,0
DA:142,0
DA:145,0
DA:151,0
DA:152,0
LF:75
LH:0
end_of_record
SF:lib/src/widgets/checkout/base_checkout.dart
DA:15,0
DA:17,0
DA:19,0
DA:26,0
DA:30,0
DA:36,0
LF:6
LH:0
end_of_record
SF:lib/src/widgets/input/account_field.dart
DA:7,0
DA:8,0
DA:12,0
DA:13,0
DA:14,0
DA:18,0
DA:19,0
DA:20,0
LF:8
LH:0
end_of_record
SF:lib/src/widgets/checkout/card_checkout.dart
DA:21,0
DA:28,0
DA:29,0
DA:35,0
DA:36,0
DA:38,0
DA:40,0
DA:42,0
DA:44,0
DA:46,0
DA:47,0
DA:48,0
DA:52,0
DA:55,0
DA:56,0
DA:57,0
DA:58,0
DA:65,0
DA:66,0
DA:67,0
DA:68,0
DA:70,0
DA:71,0
DA:72,0
DA:75,0
DA:79,0
DA:80,0
DA:84,0
DA:85,0
DA:88,0
DA:89,0
DA:93,0
DA:94,0
DA:95,0
DA:97,0
DA:101,0
DA:102,0
DA:105,0
DA:106,0
DA:107,0
DA:109,0
DA:110,0
DA:115,0
DA:117,0
DA:118,0
DA:119,0
DA:120,0
DA:121,0
DA:124,0
DA:125,0
LF:50
LH:0
end_of_record
SF:lib/src/widgets/checkout/checkout_method.dart
DA:8,0
LF:1
LH:0
end_of_record
SF:lib/src/widgets/error_widget.dart
DA:16,0
DA:24,0
DA:28,0
DA:33,0
DA:37,0
DA:38,0
DA:39,0
DA:40,0
DA:41,0
DA:43,0
DA:44,0
DA:49,0
DA:50,0
DA:51,0
DA:59,0
DA:60,0
DA:61,0
DA:62,0
DA:63,0
DA:65,0
DA:66,0
DA:67,0
DA:68,0
DA:72,0
DA:74,0
DA:75,0
DA:76,0
DA:82,0
LF:28
LH:0
end_of_record
SF:lib/src/widgets/sucessful_widget.dart
DA:9,0
DA:11,0
DA:13,0
DA:28,0
DA:30,0
DA:31,0
DA:35,0
DA:37,0
DA:39,0
DA:41,0
DA:42,0
DA:43,0
DA:45,0
DA:47,0
DA:48,0
DA:49,0
DA:50,0
DA:51,0
DA:52,0
DA:53,0
DA:57,0
DA:60,0
DA:62,0
DA:63,0
DA:64,0
DA:65,0
DA:68,0
DA:70,0
DA:71,0
DA:72,0
DA:73,0
DA:74,0
DA:76,0
DA:77,0
DA:78,0
DA:84,0
DA:93,0
DA:96,0
DA:97,0
DA:98,0
DA:104,0
DA:105,0
DA:106,0
DA:107,0
DA:108,0
DA:109,0
DA:115,0
DA:124,0
DA:125,0
DA:126,0
DA:127,0
DA:130,0
DA:131,0
DA:132,0
DA:135,0
DA:136,0
LF:56
LH:0
end_of_record
SF:lib/src/widgets/common/input_formatters.dart
DA:6,0
DA:9,0
DA:11,0
DA:15,0
DA:16,0
DA:17,0
DA:18,0
DA:20,0
DA:21,0
DA:22,0
DA:23,0
DA:27,0
DA:28,0
DA:29,0
DA:31,0
DA:36,0
DA:39,0
DA:41,0
DA:45,0
DA:46,0
DA:47,0
DA:48,0
DA:49,0
DA:50,0
DA:54,0
DA:55,0
DA:57,0
DA:61,0
DA:66,0
LF:29
LH:0
end_of_record
SF:lib/src/widgets/input/base_field.dart
DA:14,0
DA:23,0
DA:25,0
DA:27,0
DA:28,0
DA:29,0
DA:30,0
DA:31,0
DA:33,0
DA:35,0
DA:36,0
DA:37,0
DA:39,0
DA:41,0
DA:43,0
DA:48,0
DA:50,0
DA:52,0
DA:53,0
LF:19
LH:0
end_of_record
SF:lib/src/widgets/input/cvc_field.dart
DA:8,0
DA:10,0
DA:14,0
DA:16,0
DA:17,0
DA:18,0
DA:19,0
DA:23,0
DA:24,0
DA:26,0
LF:10
LH:0
end_of_record
SF:lib/src/widgets/input/date_field.dart
DA:10,0
DA:12,0
DA:16,0
DA:18,0
DA:19,0
DA:20,0
DA:21,0
DA:25,0
DA:29,0
DA:30,0
DA:31,0
DA:32,0
DA:35,0
DA:39,0
DA:40,0
DA:48,0
DA:49,0
DA:52,0
DA:53,0
DA:56,0
DA:57,0
DA:60,0
LF:22
LH:0
end_of_record
SF:lib/src/widgets/input/number_field.dart
DA:10,0
DA:15,0
DA:21,0
DA:22,0
DA:23,0
DA:24,0
DA:25,0
DA:29,0
DA:30,0
DA:34,0
DA:36,0
LF:11
LH:0
end_of_record
SF:lib/src/widgets/input/otp_field.dart
DA:5,0
DA:6,0
DA:9,0
DA:16,0
DA:17,0
DA:21,0
DA:23,0
DA:24,0
DA:29,0
DA:31,0
DA:32,0
LF:11
LH:0
end_of_record
SF:lib/src/widgets/input/pin_field.dart
DA:8,0
DA:10,0
DA:11,0
DA:15,0
DA:17,0
DA:19,0
DA:22,0
DA:29,0
DA:30,0
DA:31,0
DA:34,0
DA:35,0
DA:42,0
DA:44,0
DA:46,0
DA:47,0
DA:48,0
LF:17
LH:0
end_of_record
